[debug] ----------------------------------------------------------------------
[debug] Command:      C:\Program Files\nodejs\node.exe C:\Users\frowem\AppData\Roaming\npm\node_modules\firebase-tools\bin\firebase deploy
[debug] CLI Version:  3.2.0
[debug] Platform:     win32
[debug] Node Version: v7.2.1
[debug] Time:         Thu Dec 15 2016 15:32:26 GMT+0000 (GMT Standard Time)
[debug] ----------------------------------------------------------------------
[debug] 
[debug] > command requires scopes: ["email","openid","https://www.googleapis.com/auth/cloudplatformprojects.readonly","https://www.googleapis.com/auth/firebase"]
[debug] >>> HTTP REQUEST GET https://admin.firebase.com/v1/projects/wine-app-5f24b 
[debug] Error: EPERM: operation not permitted, rename 'C:\Users\frowem\.config\configstore\firebase-tools.json.3287222812' -> 'C:\Users\frowem\.config\configstore\firebase-tools.json'
    at Object.fs.renameSync (fs.js:741:18)
    at Function.writeFileSync [as sync] (C:\Users\frowem\AppData\Roaming\npm\node_modules\firebase-tools\node_modules\write-file-atomic\index.js:81:8)
    at Configstore.set (C:\Users\frowem\AppData\Roaming\npm\node_modules\firebase-tools\node_modules\configstore\index.js:62:21)
    at Configstore.set (C:\Users\frowem\AppData\Roaming\npm\node_modules\firebase-tools\node_modules\configstore\index.js:93:11)
    at Request._callback (C:\Users\frowem\AppData\Roaming\npm\node_modules\firebase-tools\lib\fetchMOTD.js:51:19)
    at Request.self.callback (C:\Users\frowem\AppData\Roaming\npm\node_modules\firebase-tools\node_modules\request\request.js:186:22)
    at emitTwo (events.js:106:13)
    at Request.emit (events.js:191:7)
    at Request.<anonymous> (C:\Users\frowem\AppData\Roaming\npm\node_modules\firebase-tools\node_modules\request\request.js:1081:10)
    at emitOne (events.js:96:13)
[error] 
[error] Error: An unexpected error has occurred.
[debug] ----------------------------------------------------------------------
[debug] Command:      C:\Program Files\nodejs\node.exe C:\Users\frowem\AppData\Roaming\npm\node_modules\firebase-tools\bin\firebase deploy --debug
[debug] CLI Version:  3.2.0
[debug] Platform:     win32
[debug] Node Version: v7.2.1
[debug] Time:         Thu Dec 15 2016 15:34:03 GMT+0000 (GMT Standard Time)
[debug] ----------------------------------------------------------------------
[debug] 
[debug] > command requires scopes: ["email","openid","https://www.googleapis.com/auth/cloudplatformprojects.readonly","https://www.googleapis.com/auth/firebase"]
[debug] >>> HTTP REQUEST GET https://admin.firebase.com/v1/projects/wine-app-5f24b 
[debug] <<< HTTP RESPONSE 200
[debug] >>> HTTP REQUEST GET https://admin.firebase.com/v1/database/wine-app-5f24b/tokens 
[debug] <<< HTTP RESPONSE 200
[info] 
[info] === Deploying to 'wine-app-5f24b'...
[info] 
[info] i  deploying hosting
[info] +  database: rules ready to deploy.
[info] i  hosting: preparing dist directory for upload...
[debug] >>> HTTP REQUEST PUT https://deploy.firebase.com/v1/hosting/wine-app-5f24b/uploads/-KZ26boGjctLkHcDkxJK?fileCount=17&message= 
[debug] <<< HTTP RESPONSE 200
[info] +  hosting: dist folder uploaded successfully
[info] +  hosting: 17 files uploaded successfully
[info] i  starting release process (may take several minutes)...
[debug] >>> HTTP REQUEST POST https://deploy.firebase.com/v1/projects/wine-app-5f24b/releases
[debug] <<< HTTP RESPONSE 200
